{"C:\\Users\\Sofia\\Desktop\\documents\\Cour_master\\protocole-authentification\\tp_protocole2\\secure-notes-platform\\config\\database.js": {"path":"C:\\Users\\Sofia\\Desktop\\documents\\Cour_master\\protocole-authentification\\tp_protocole2\\secure-notes-platform\\config\\database.js","statementMap":{"0":{"start":{"line":1,"column":22},"end":{"line":1,"column":42}},"1":{"start":{"line":3,"column":18},"end":{"line":12,"column":1}},"2":{"start":{"line":14,"column":0},"end":{"line":14,"column":27}}},"fnMap":{},"branchMap":{},"s":{"0":3,"1":3,"2":3},"f":{},"b":{},"_coverageSchema":"1a1c01bbd47fc00a2c39e90264f33305004495a9","hash":"a5ba0c5b5865e62221694307e5de3cb9b11ac6d8"}
,"C:\\Users\\Sofia\\Desktop\\documents\\Cour_master\\protocole-authentification\\tp_protocole2\\secure-notes-platform\\middleware\\auth.js": {"path":"C:\\Users\\Sofia\\Desktop\\documents\\Cour_master\\protocole-authentification\\tp_protocole2\\secure-notes-platform\\middleware\\auth.js","statementMap":{"0":{"start":{"line":1,"column":12},"end":{"line":1,"column":35}},"1":{"start":{"line":3,"column":0},"end":{"line":40,"column":2}},"2":{"start":{"line":4,"column":4},"end":{"line":39,"column":5}},"3":{"start":{"line":5,"column":22},"end":{"line":5,"column":100}},"4":{"start":{"line":7,"column":8},"end":{"line":17,"column":9}},"5":{"start":{"line":8,"column":12},"end":{"line":12,"column":15}},"6":{"start":{"line":13,"column":12},"end":{"line":15,"column":13}},"7":{"start":{"line":14,"column":16},"end":{"line":14,"column":76}},"8":{"start":{"line":16,"column":12},"end":{"line":16,"column":47}},"9":{"start":{"line":19,"column":24},"end":{"line":19,"column":65}},"10":{"start":{"line":21,"column":8},"end":{"line":27,"column":9}},"11":{"start":{"line":22,"column":12},"end":{"line":24,"column":13}},"12":{"start":{"line":23,"column":16},"end":{"line":23,"column":73}},"13":{"start":{"line":25,"column":12},"end":{"line":25,"column":37}},"14":{"start":{"line":26,"column":12},"end":{"line":26,"column":47}},"15":{"start":{"line":29,"column":8},"end":{"line":29,"column":27}},"16":{"start":{"line":31,"column":8},"end":{"line":31,"column":34}},"17":{"start":{"line":33,"column":8},"end":{"line":33,"column":15}},"18":{"start":{"line":35,"column":8},"end":{"line":37,"column":9}},"19":{"start":{"line":36,"column":12},"end":{"line":36,"column":73}},"20":{"start":{"line":38,"column":8},"end":{"line":38,"column":36}}},"fnMap":{"0":{"name":"(anonymous_0)","decl":{"start":{"line":3,"column":17},"end":{"line":3,"column":18}},"loc":{"start":{"line":3,"column":37},"end":{"line":40,"column":1}},"line":3}},"branchMap":{"0":{"loc":{"start":{"line":5,"column":22},"end":{"line":5,"column":100}},"type":"binary-expr","locations":[{"start":{"line":5,"column":22},"end":{"line":5,"column":45}},{"start":{"line":5,"column":49},"end":{"line":5,"column":100}}],"line":5},"1":{"loc":{"start":{"line":7,"column":8},"end":{"line":17,"column":9}},"type":"if","locations":[{"start":{"line":7,"column":8},"end":{"line":17,"column":9}},{"start":{},"end":{}}],"line":7},"2":{"loc":{"start":{"line":13,"column":12},"end":{"line":15,"column":13}},"type":"if","locations":[{"start":{"line":13,"column":12},"end":{"line":15,"column":13}},{"start":{},"end":{}}],"line":13},"3":{"loc":{"start":{"line":13,"column":16},"end":{"line":13,"column":106}},"type":"binary-expr","locations":[{"start":{"line":13,"column":16},"end":{"line":13,"column":23}},{"start":{"line":13,"column":27},"end":{"line":13,"column":55}},{"start":{"line":13,"column":59},"end":{"line":13,"column":106}}],"line":13},"4":{"loc":{"start":{"line":21,"column":8},"end":{"line":27,"column":9}},"type":"if","locations":[{"start":{"line":21,"column":8},"end":{"line":27,"column":9}},{"start":{},"end":{}}],"line":21},"5":{"loc":{"start":{"line":22,"column":12},"end":{"line":24,"column":13}},"type":"if","locations":[{"start":{"line":22,"column":12},"end":{"line":24,"column":13}},{"start":{},"end":{}}],"line":22},"6":{"loc":{"start":{"line":22,"column":16},"end":{"line":22,"column":55}},"type":"binary-expr","locations":[{"start":{"line":22,"column":16},"end":{"line":22,"column":23}},{"start":{"line":22,"column":27},"end":{"line":22,"column":55}}],"line":22},"7":{"loc":{"start":{"line":35,"column":8},"end":{"line":37,"column":9}},"type":"if","locations":[{"start":{"line":35,"column":8},"end":{"line":37,"column":9}},{"start":{},"end":{}}],"line":35},"8":{"loc":{"start":{"line":35,"column":12},"end":{"line":35,"column":102}},"type":"binary-expr","locations":[{"start":{"line":35,"column":12},"end":{"line":35,"column":19}},{"start":{"line":35,"column":23},"end":{"line":35,"column":51}},{"start":{"line":35,"column":55},"end":{"line":35,"column":102}}],"line":35}},"s":{"0":1,"1":1,"2":0,"3":0,"4":0,"5":0,"6":0,"7":0,"8":0,"9":0,"10":0,"11":0,"12":0,"13":0,"14":0,"15":0,"16":0,"17":0,"18":0,"19":0,"20":0},"f":{"0":0},"b":{"0":[0,0],"1":[0,0],"2":[0,0],"3":[0,0,0],"4":[0,0],"5":[0,0],"6":[0,0],"7":[0,0],"8":[0,0,0]},"_coverageSchema":"1a1c01bbd47fc00a2c39e90264f33305004495a9","hash":"37d74e00930cea137fe2c42fab92ed6869e7aa1d"}
,"C:\\Users\\Sofia\\Desktop\\documents\\Cour_master\\protocole-authentification\\tp_protocole2\\secure-notes-platform\\middleware\\redirectIfAuth.js": {"path":"C:\\Users\\Sofia\\Desktop\\documents\\Cour_master\\protocole-authentification\\tp_protocole2\\secure-notes-platform\\middleware\\redirectIfAuth.js","statementMap":{"0":{"start":{"line":1,"column":12},"end":{"line":1,"column":35}},"1":{"start":{"line":3,"column":0},"end":{"line":32,"column":2}},"2":{"start":{"line":4,"column":4},"end":{"line":6,"column":5}},"3":{"start":{"line":5,"column":8},"end":{"line":5,"column":22}},"4":{"start":{"line":8,"column":4},"end":{"line":31,"column":5}},"5":{"start":{"line":9,"column":22},"end":{"line":9,"column":39}},"6":{"start":{"line":11,"column":8},"end":{"line":14,"column":9}},"7":{"start":{"line":12,"column":12},"end":{"line":12,"column":73}},"8":{"start":{"line":13,"column":12},"end":{"line":13,"column":26}},"9":{"start":{"line":16,"column":8},"end":{"line":27,"column":9}},"10":{"start":{"line":17,"column":28},"end":{"line":17,"column":69}},"11":{"start":{"line":18,"column":12},"end":{"line":21,"column":13}},"12":{"start":{"line":19,"column":16},"end":{"line":19,"column":69}},"13":{"start":{"line":20,"column":16},"end":{"line":20,"column":46}},"14":{"start":{"line":22,"column":12},"end":{"line":22,"column":19}},"15":{"start":{"line":24,"column":12},"end":{"line":24,"column":65}},"16":{"start":{"line":25,"column":12},"end":{"line":25,"column":37}},"17":{"start":{"line":26,"column":12},"end":{"line":26,"column":19}},"18":{"start":{"line":29,"column":8},"end":{"line":29,"column":60}},"19":{"start":{"line":30,"column":8},"end":{"line":30,"column":20}}},"fnMap":{"0":{"name":"(anonymous_0)","decl":{"start":{"line":3,"column":17},"end":{"line":3,"column":18}},"loc":{"start":{"line":3,"column":37},"end":{"line":32,"column":1}},"line":3}},"branchMap":{"0":{"loc":{"start":{"line":4,"column":4},"end":{"line":6,"column":5}},"type":"if","locations":[{"start":{"line":4,"column":4},"end":{"line":6,"column":5}},{"start":{},"end":{}}],"line":4},"1":{"loc":{"start":{"line":11,"column":8},"end":{"line":14,"column":9}},"type":"if","locations":[{"start":{"line":11,"column":8},"end":{"line":14,"column":9}},{"start":{},"end":{}}],"line":11},"2":{"loc":{"start":{"line":18,"column":12},"end":{"line":21,"column":13}},"type":"if","locations":[{"start":{"line":18,"column":12},"end":{"line":21,"column":13}},{"start":{},"end":{}}],"line":18},"3":{"loc":{"start":{"line":18,"column":16},"end":{"line":18,"column":48}},"type":"binary-expr","locations":[{"start":{"line":18,"column":16},"end":{"line":18,"column":23}},{"start":{"line":18,"column":27},"end":{"line":18,"column":48}}],"line":18}},"s":{"0":1,"1":1,"2":0,"3":0,"4":0,"5":0,"6":0,"7":0,"8":0,"9":0,"10":0,"11":0,"12":0,"13":0,"14":0,"15":0,"16":0,"17":0,"18":0,"19":0},"f":{"0":0},"b":{"0":[0,0],"1":[0,0],"2":[0,0],"3":[0,0]},"_coverageSchema":"1a1c01bbd47fc00a2c39e90264f33305004495a9","hash":"804026ddcef88770a5d44641f5c073b6ea35ba14"}
,"C:\\Users\\Sofia\\Desktop\\documents\\Cour_master\\protocole-authentification\\tp_protocole2\\secure-notes-platform\\models\\Note.js": {"path":"C:\\Users\\Sofia\\Desktop\\documents\\Cour_master\\protocole-authentification\\tp_protocole2\\secure-notes-platform\\models\\Note.js","statementMap":{"0":{"start":{"line":1,"column":22},"end":{"line":1,"column":42}},"1":{"start":{"line":2,"column":18},"end":{"line":2,"column":47}},"2":{"start":{"line":3,"column":24},"end":{"line":3,"column":44}},"3":{"start":{"line":4,"column":18},"end":{"line":4,"column":34}},"4":{"start":{"line":5,"column":15},"end":{"line":5,"column":35}},"5":{"start":{"line":6,"column":18},"end":{"line":6,"column":41}},"6":{"start":{"line":8,"column":13},"end":{"line":47,"column":2}},"7":{"start":{"line":18,"column":12},"end":{"line":18,"column":66}},"8":{"start":{"line":25,"column":12},"end":{"line":25,"column":68}},"9":{"start":{"line":40,"column":26},"end":{"line":40,"column":51}},"10":{"start":{"line":41,"column":12},"end":{"line":41,"column":38}},"11":{"start":{"line":49,"column":0},"end":{"line":49,"column":22}}},"fnMap":{"0":{"name":"(anonymous_0)","decl":{"start":{"line":17,"column":8},"end":{"line":17,"column":9}},"loc":{"start":{"line":17,"column":19},"end":{"line":19,"column":9}},"line":17},"1":{"name":"(anonymous_1)","decl":{"start":{"line":24,"column":8},"end":{"line":24,"column":9}},"loc":{"start":{"line":24,"column":19},"end":{"line":26,"column":9}},"line":24},"2":{"name":"(anonymous_2)","decl":{"start":{"line":39,"column":8},"end":{"line":39,"column":9}},"loc":{"start":{"line":39,"column":14},"end":{"line":42,"column":9}},"line":39}},"branchMap":{"0":{"loc":{"start":{"line":41,"column":19},"end":{"line":41,"column":37}},"type":"cond-expr","locations":[{"start":{"line":41,"column":27},"end":{"line":41,"column":32}},{"start":{"line":41,"column":35},"end":{"line":41,"column":37}}],"line":41}},"s":{"0":3,"1":3,"2":3,"3":3,"4":3,"5":3,"6":3,"7":0,"8":0,"9":0,"10":0,"11":3},"f":{"0":0,"1":0,"2":0},"b":{"0":[0,0]},"_coverageSchema":"1a1c01bbd47fc00a2c39e90264f33305004495a9","hash":"b0e8ee5af067aab9b141ce8f421fe783bc88ace5"}
,"C:\\Users\\Sofia\\Desktop\\documents\\Cour_master\\protocole-authentification\\tp_protocole2\\secure-notes-platform\\models\\Session.js": {"path":"C:\\Users\\Sofia\\Desktop\\documents\\Cour_master\\protocole-authentification\\tp_protocole2\\secure-notes-platform\\models\\Session.js","statementMap":{"0":{"start":{"line":1,"column":22},"end":{"line":1,"column":42}},"1":{"start":{"line":2,"column":18},"end":{"line":2,"column":47}},"2":{"start":{"line":4,"column":16},"end":{"line":39,"column":2}},"3":{"start":{"line":41,"column":0},"end":{"line":41,"column":25}}},"fnMap":{},"branchMap":{},"s":{"0":3,"1":3,"2":3,"3":3},"f":{},"b":{},"_coverageSchema":"1a1c01bbd47fc00a2c39e90264f33305004495a9","hash":"e94a5d98892b41fbdedb9808ba5edbd00ffa0582"}
,"C:\\Users\\Sofia\\Desktop\\documents\\Cour_master\\protocole-authentification\\tp_protocole2\\secure-notes-platform\\models\\User.js": {"path":"C:\\Users\\Sofia\\Desktop\\documents\\Cour_master\\protocole-authentification\\tp_protocole2\\secure-notes-platform\\models\\User.js","statementMap":{"0":{"start":{"line":1,"column":22},"end":{"line":1,"column":42}},"1":{"start":{"line":2,"column":18},"end":{"line":2,"column":47}},"2":{"start":{"line":3,"column":15},"end":{"line":3,"column":34}},"3":{"start":{"line":5,"column":13},"end":{"line":27,"column":2}},"4":{"start":{"line":29,"column":0},"end":{"line":37,"column":2}},"5":{"start":{"line":30,"column":17},"end":{"line":30,"column":41}},"6":{"start":{"line":31,"column":27},"end":{"line":31,"column":69}},"7":{"start":{"line":33,"column":4},"end":{"line":36,"column":7}},"8":{"start":{"line":39,"column":0},"end":{"line":46,"column":2}},"9":{"start":{"line":40,"column":4},"end":{"line":45,"column":5}},"10":{"start":{"line":41,"column":8},"end":{"line":41,"column":70}},"11":{"start":{"line":43,"column":8},"end":{"line":43,"column":81}},"12":{"start":{"line":44,"column":8},"end":{"line":44,"column":21}},"13":{"start":{"line":48,"column":0},"end":{"line":48,"column":22}}},"fnMap":{"0":{"name":"(anonymous_0)","decl":{"start":{"line":29,"column":26},"end":{"line":29,"column":27}},"loc":{"start":{"line":29,"column":51},"end":{"line":37,"column":1}},"line":29},"1":{"name":"(anonymous_1)","decl":{"start":{"line":39,"column":33},"end":{"line":39,"column":34}},"loc":{"start":{"line":39,"column":67},"end":{"line":46,"column":1}},"line":39}},"branchMap":{},"s":{"0":3,"1":3,"2":3,"3":3,"4":3,"5":6,"6":6,"7":6,"8":3,"9":1,"10":1,"11":0,"12":0,"13":3},"f":{"0":6,"1":1},"b":{},"_coverageSchema":"1a1c01bbd47fc00a2c39e90264f33305004495a9","hash":"7733fffae3b0a3136bceafa0273965cbe9732b6f"}
,"C:\\Users\\Sofia\\Desktop\\documents\\Cour_master\\protocole-authentification\\tp_protocole2\\secure-notes-platform\\models\\index.js": {"path":"C:\\Users\\Sofia\\Desktop\\documents\\Cour_master\\protocole-authentification\\tp_protocole2\\secure-notes-platform\\models\\index.js","statementMap":{"0":{"start":{"line":1,"column":13},"end":{"line":1,"column":30}},"1":{"start":{"line":2,"column":13},"end":{"line":2,"column":30}},"2":{"start":{"line":3,"column":16},"end":{"line":3,"column":36}},"3":{"start":{"line":5,"column":0},"end":{"line":9,"column":3}},"4":{"start":{"line":11,"column":0},"end":{"line":15,"column":3}},"5":{"start":{"line":17,"column":0},"end":{"line":21,"column":3}},"6":{"start":{"line":23,"column":0},"end":{"line":26,"column":3}},"7":{"start":{"line":28,"column":19},"end":{"line":38,"column":1}},"8":{"start":{"line":29,"column":4},"end":{"line":37,"column":5}},"9":{"start":{"line":30,"column":8},"end":{"line":30,"column":26}},"10":{"start":{"line":31,"column":8},"end":{"line":31,"column":26}},"11":{"start":{"line":32,"column":8},"end":{"line":32,"column":29}},"12":{"start":{"line":33,"column":8},"end":{"line":33,"column":56}},"13":{"start":{"line":35,"column":8},"end":{"line":35,"column":79}},"14":{"start":{"line":36,"column":8},"end":{"line":36,"column":20}},"15":{"start":{"line":40,"column":0},"end":{"line":45,"column":2}}},"fnMap":{"0":{"name":"(anonymous_0)","decl":{"start":{"line":28,"column":19},"end":{"line":28,"column":20}},"loc":{"start":{"line":28,"column":31},"end":{"line":38,"column":1}},"line":28}},"branchMap":{},"s":{"0":3,"1":3,"2":3,"3":3,"4":3,"5":3,"6":3,"7":3,"8":0,"9":0,"10":0,"11":0,"12":0,"13":0,"14":0,"15":3},"f":{"0":0},"b":{},"_coverageSchema":"1a1c01bbd47fc00a2c39e90264f33305004495a9","hash":"f7439af6de1022bb047e4b007ddc191ece30b34c"}
,"C:\\Users\\Sofia\\Desktop\\documents\\Cour_master\\protocole-authentification\\tp_protocole2\\secure-notes-platform\\routes\\auth.js": {"path":"C:\\Users\\Sofia\\Desktop\\documents\\Cour_master\\protocole-authentification\\tp_protocole2\\secure-notes-platform\\routes\\auth.js","statementMap":{"0":{"start":{"line":1,"column":16},"end":{"line":1,"column":34}},"1":{"start":{"line":2,"column":15},"end":{"line":2,"column":31}},"2":{"start":{"line":3,"column":12},"end":{"line":3,"column":35}},"3":{"start":{"line":4,"column":13},"end":{"line":4,"column":38}},"4":{"start":{"line":5,"column":35},"end":{"line":5,"column":63}},"5":{"start":{"line":6,"column":16},"end":{"line":6,"column":44}},"6":{"start":{"line":7,"column":15},"end":{"line":7,"column":35}},"7":{"start":{"line":8,"column":13},"end":{"line":8,"column":42}},"8":{"start":{"line":9,"column":23},"end":{"line":9,"column":62}},"9":{"start":{"line":11,"column":0},"end":{"line":16,"column":3}},"10":{"start":{"line":12,"column":4},"end":{"line":14,"column":5}},"11":{"start":{"line":13,"column":8},"end":{"line":13,"column":46}},"12":{"start":{"line":15,"column":4},"end":{"line":15,"column":11}},"13":{"start":{"line":18,"column":0},"end":{"line":21,"column":3}},"14":{"start":{"line":19,"column":4},"end":{"line":19,"column":61}},"15":{"start":{"line":20,"column":4},"end":{"line":20,"column":29}},"16":{"start":{"line":23,"column":0},"end":{"line":26,"column":3}},"17":{"start":{"line":24,"column":4},"end":{"line":24,"column":63}},"18":{"start":{"line":25,"column":4},"end":{"line":25,"column":32}},"19":{"start":{"line":28,"column":0},"end":{"line":53,"column":3}},"20":{"start":{"line":33,"column":4},"end":{"line":52,"column":5}},"21":{"start":{"line":34,"column":23},"end":{"line":34,"column":44}},"22":{"start":{"line":35,"column":8},"end":{"line":37,"column":9}},"23":{"start":{"line":36,"column":12},"end":{"line":36,"column":68}},"24":{"start":{"line":39,"column":42},"end":{"line":39,"column":50}},"25":{"start":{"line":41,"column":29},"end":{"line":41,"column":69}},"26":{"start":{"line":42,"column":8},"end":{"line":44,"column":9}},"27":{"start":{"line":43,"column":12},"end":{"line":43,"column":83}},"28":{"start":{"line":46,"column":8},"end":{"line":46,"column":65}},"29":{"start":{"line":48,"column":8},"end":{"line":48,"column":68}},"30":{"start":{"line":50,"column":8},"end":{"line":50,"column":29}},"31":{"start":{"line":51,"column":8},"end":{"line":51,"column":60}},"32":{"start":{"line":55,"column":0},"end":{"line":112,"column":3}},"33":{"start":{"line":59,"column":4},"end":{"line":111,"column":5}},"34":{"start":{"line":60,"column":23},"end":{"line":60,"column":44}},"35":{"start":{"line":61,"column":8},"end":{"line":63,"column":9}},"36":{"start":{"line":62,"column":12},"end":{"line":62,"column":68}},"37":{"start":{"line":65,"column":36},"end":{"line":65,"column":44}},"38":{"start":{"line":67,"column":21},"end":{"line":67,"column":61}},"39":{"start":{"line":68,"column":8},"end":{"line":70,"column":9}},"40":{"start":{"line":69,"column":12},"end":{"line":69,"column":88}},"41":{"start":{"line":72,"column":32},"end":{"line":72,"column":68}},"42":{"start":{"line":73,"column":8},"end":{"line":75,"column":9}},"43":{"start":{"line":74,"column":12},"end":{"line":74,"column":88}},"44":{"start":{"line":77,"column":8},"end":{"line":107,"column":9}},"45":{"start":{"line":78,"column":26},"end":{"line":82,"column":13}},"46":{"start":{"line":84,"column":12},"end":{"line":89,"column":15}},"47":{"start":{"line":91,"column":12},"end":{"line":101,"column":15}},"48":{"start":{"line":103,"column":12},"end":{"line":103,"column":60}},"49":{"start":{"line":105,"column":12},"end":{"line":105,"column":78}},"50":{"start":{"line":106,"column":12},"end":{"line":106,"column":64}},"51":{"start":{"line":109,"column":8},"end":{"line":109,"column":53}},"52":{"start":{"line":110,"column":8},"end":{"line":110,"column":60}},"53":{"start":{"line":114,"column":0},"end":{"line":125,"column":3}},"54":{"start":{"line":115,"column":4},"end":{"line":124,"column":5}},"55":{"start":{"line":116,"column":8},"end":{"line":118,"column":9}},"56":{"start":{"line":117,"column":12},"end":{"line":117,"column":57}},"57":{"start":{"line":119,"column":8},"end":{"line":119,"column":33}},"58":{"start":{"line":120,"column":8},"end":{"line":120,"column":36}},"59":{"start":{"line":122,"column":8},"end":{"line":122,"column":63}},"60":{"start":{"line":123,"column":8},"end":{"line":123,"column":60}},"61":{"start":{"line":127,"column":0},"end":{"line":145,"column":3}},"62":{"start":{"line":128,"column":4},"end":{"line":144,"column":5}},"63":{"start":{"line":129,"column":25},"end":{"line":135,"column":10}},"64":{"start":{"line":137,"column":8},"end":{"line":137,"column":50}},"65":{"start":{"line":139,"column":8},"end":{"line":139,"column":29}},"66":{"start":{"line":140,"column":8},"end":{"line":143,"column":11}},"67":{"start":{"line":147,"column":0},"end":{"line":159,"column":3}},"68":{"start":{"line":148,"column":18},"end":{"line":148,"column":35}},"69":{"start":{"line":149,"column":4},"end":{"line":151,"column":5}},"70":{"start":{"line":150,"column":8},"end":{"line":150,"column":62}},"71":{"start":{"line":153,"column":4},"end":{"line":158,"column":5}},"72":{"start":{"line":154,"column":24},"end":{"line":154,"column":65}},"73":{"start":{"line":155,"column":8},"end":{"line":155,"column":42}},"74":{"start":{"line":157,"column":8},"end":{"line":157,"column":55}},"75":{"start":{"line":161,"column":0},"end":{"line":178,"column":3}},"76":{"start":{"line":162,"column":4},"end":{"line":177,"column":5}},"77":{"start":{"line":163,"column":8},"end":{"line":174,"column":11}},"78":{"start":{"line":176,"column":8},"end":{"line":176,"column":31}},"79":{"start":{"line":180,"column":0},"end":{"line":180,"column":24}}},"fnMap":{"0":{"name":"(anonymous_0)","decl":{"start":{"line":11,"column":11},"end":{"line":11,"column":12}},"loc":{"start":{"line":11,"column":31},"end":{"line":16,"column":1}},"line":11},"1":{"name":"(anonymous_1)","decl":{"start":{"line":18,"column":21},"end":{"line":18,"column":22}},"loc":{"start":{"line":18,"column":35},"end":{"line":21,"column":1}},"line":18},"2":{"name":"(anonymous_2)","decl":{"start":{"line":23,"column":24},"end":{"line":23,"column":25}},"loc":{"start":{"line":23,"column":38},"end":{"line":26,"column":1}},"line":23},"3":{"name":"(anonymous_3)","decl":{"start":{"line":32,"column":3},"end":{"line":32,"column":4}},"loc":{"start":{"line":32,"column":23},"end":{"line":53,"column":1}},"line":32},"4":{"name":"(anonymous_4)","decl":{"start":{"line":58,"column":3},"end":{"line":58,"column":4}},"loc":{"start":{"line":58,"column":23},"end":{"line":112,"column":1}},"line":58},"5":{"name":"(anonymous_5)","decl":{"start":{"line":114,"column":29},"end":{"line":114,"column":30}},"loc":{"start":{"line":114,"column":49},"end":{"line":125,"column":1}},"line":114},"6":{"name":"(anonymous_6)","decl":{"start":{"line":127,"column":30},"end":{"line":127,"column":31}},"loc":{"start":{"line":127,"column":50},"end":{"line":145,"column":1}},"line":127},"7":{"name":"(anonymous_7)","decl":{"start":{"line":147,"column":21},"end":{"line":147,"column":22}},"loc":{"start":{"line":147,"column":35},"end":{"line":159,"column":1}},"line":147},"8":{"name":"(anonymous_8)","decl":{"start":{"line":161,"column":32},"end":{"line":161,"column":33}},"loc":{"start":{"line":161,"column":46},"end":{"line":178,"column":1}},"line":161}},"branchMap":{"0":{"loc":{"start":{"line":12,"column":4},"end":{"line":14,"column":5}},"type":"if","locations":[{"start":{"line":12,"column":4},"end":{"line":14,"column":5}},{"start":{},"end":{}}],"line":12},"1":{"loc":{"start":{"line":35,"column":8},"end":{"line":37,"column":9}},"type":"if","locations":[{"start":{"line":35,"column":8},"end":{"line":37,"column":9}},{"start":{},"end":{}}],"line":35},"2":{"loc":{"start":{"line":42,"column":8},"end":{"line":44,"column":9}},"type":"if","locations":[{"start":{"line":42,"column":8},"end":{"line":44,"column":9}},{"start":{},"end":{}}],"line":42},"3":{"loc":{"start":{"line":61,"column":8},"end":{"line":63,"column":9}},"type":"if","locations":[{"start":{"line":61,"column":8},"end":{"line":63,"column":9}},{"start":{},"end":{}}],"line":61},"4":{"loc":{"start":{"line":68,"column":8},"end":{"line":70,"column":9}},"type":"if","locations":[{"start":{"line":68,"column":8},"end":{"line":70,"column":9}},{"start":{},"end":{}}],"line":68},"5":{"loc":{"start":{"line":73,"column":8},"end":{"line":75,"column":9}},"type":"if","locations":[{"start":{"line":73,"column":8},"end":{"line":75,"column":9}},{"start":{},"end":{}}],"line":73},"6":{"loc":{"start":{"line":97,"column":24},"end":{"line":97,"column":96}},"type":"cond-expr","locations":[{"start":{"line":97,"column":64},"end":{"line":97,"column":82}},{"start":{"line":97,"column":85},"end":{"line":97,"column":96}}],"line":97},"7":{"loc":{"start":{"line":116,"column":8},"end":{"line":118,"column":9}},"type":"if","locations":[{"start":{"line":116,"column":8},"end":{"line":118,"column":9}},{"start":{},"end":{}}],"line":116},"8":{"loc":{"start":{"line":149,"column":4},"end":{"line":151,"column":5}},"type":"if","locations":[{"start":{"line":149,"column":4},"end":{"line":151,"column":5}},{"start":{},"end":{}}],"line":149},"9":{"loc":{"start":{"line":162,"column":4},"end":{"line":177,"column":5}},"type":"if","locations":[{"start":{"line":162,"column":4},"end":{"line":177,"column":5}},{"start":{"line":175,"column":11},"end":{"line":177,"column":5}}],"line":162},"10":{"loc":{"start":{"line":162,"column":8},"end":{"line":162,"column":123}},"type":"binary-expr","locations":[{"start":{"line":162,"column":8},"end":{"line":162,"column":15}},{"start":{"line":162,"column":19},"end":{"line":162,"column":71}},{"start":{"line":162,"column":75},"end":{"line":162,"column":123}}],"line":162}},"s":{"0":1,"1":1,"2":1,"3":1,"4":1,"5":1,"6":1,"7":1,"8":1,"9":1,"10":3,"11":0,"12":3,"13":1,"14":0,"15":0,"16":1,"17":0,"18":0,"19":1,"20":2,"21":2,"22":2,"23":0,"24":2,"25":2,"26":2,"27":0,"28":2,"29":2,"30":0,"31":0,"32":1,"33":1,"34":1,"35":1,"36":0,"37":1,"38":1,"39":1,"40":0,"41":1,"42":1,"43":0,"44":1,"45":1,"46":1,"47":1,"48":0,"49":1,"50":1,"51":0,"52":0,"53":1,"54":0,"55":0,"56":0,"57":0,"58":0,"59":0,"60":0,"61":1,"62":0,"63":0,"64":0,"65":0,"66":0,"67":1,"68":0,"69":0,"70":0,"71":0,"72":0,"73":0,"74":0,"75":1,"76":0,"77":0,"78":0,"79":1},"f":{"0":3,"1":0,"2":0,"3":2,"4":1,"5":0,"6":0,"7":0,"8":0},"b":{"0":[0,3],"1":[0,2],"2":[0,2],"3":[0,1],"4":[0,1],"5":[0,1],"6":[0,1],"7":[0,0],"8":[0,0],"9":[0,0],"10":[0,0,0]},"_coverageSchema":"1a1c01bbd47fc00a2c39e90264f33305004495a9","hash":"92459839700ea2f1532dc2df7813858448cd0908"}
}
