TN:
SF:config\database.js
FNF:0
FNH:0
DA:1,3
DA:3,3
DA:14,3
LF:3
LH:3
BRF:0
BRH:0
end_of_record
TN:
SF:middleware\auth.js
FN:3,(anonymous_0)
FNF:1
FNH:0
FNDA:0,(anonymous_0)
DA:1,1
DA:3,1
DA:4,0
DA:5,0
DA:7,0
DA:8,0
DA:13,0
DA:14,0
DA:16,0
DA:19,0
DA:21,0
DA:22,0
DA:23,0
DA:25,0
DA:26,0
DA:29,0
DA:31,0
DA:33,0
DA:35,0
DA:36,0
DA:38,0
LF:21
LH:2
BRDA:5,0,0,0
BRDA:5,0,1,0
BRDA:7,1,0,0
BRDA:7,1,1,0
BRDA:13,2,0,0
BRDA:13,2,1,0
BRDA:13,3,0,0
BRDA:13,3,1,0
BRDA:13,3,2,0
BRDA:21,4,0,0
BRDA:21,4,1,0
BRDA:22,5,0,0
BRDA:22,5,1,0
BRDA:22,6,0,0
BRDA:22,6,1,0
BRDA:35,7,0,0
BRDA:35,7,1,0
BRDA:35,8,0,0
BRDA:35,8,1,0
BRDA:35,8,2,0
BRF:20
BRH:0
end_of_record
TN:
SF:middleware\redirectIfAuth.js
FN:3,(anonymous_0)
FNF:1
FNH:0
FNDA:0,(anonymous_0)
DA:1,1
DA:3,1
DA:4,0
DA:5,0
DA:8,0
DA:9,0
DA:11,0
DA:12,0
DA:13,0
DA:16,0
DA:17,0
DA:18,0
DA:19,0
DA:20,0
DA:22,0
DA:24,0
DA:25,0
DA:26,0
DA:29,0
DA:30,0
LF:20
LH:2
BRDA:4,0,0,0
BRDA:4,0,1,0
BRDA:11,1,0,0
BRDA:11,1,1,0
BRDA:18,2,0,0
BRDA:18,2,1,0
BRDA:18,3,0,0
BRDA:18,3,1,0
BRF:8
BRH:0
end_of_record
TN:
SF:models\Note.js
FN:17,(anonymous_0)
FN:24,(anonymous_1)
FN:39,(anonymous_2)
FNF:3
FNH:0
FNDA:0,(anonymous_0)
FNDA:0,(anonymous_1)
FNDA:0,(anonymous_2)
DA:1,3
DA:2,3
DA:3,3
DA:4,3
DA:5,3
DA:6,3
DA:8,3
DA:18,0
DA:25,0
DA:40,0
DA:41,0
DA:49,3
LF:12
LH:8
BRDA:41,0,0,0
BRDA:41,0,1,0
BRF:2
BRH:0
end_of_record
TN:
SF:models\Session.js
FNF:0
FNH:0
DA:1,3
DA:2,3
DA:4,3
DA:41,3
LF:4
LH:4
BRF:0
BRH:0
end_of_record
TN:
SF:models\User.js
FN:29,(anonymous_0)
FN:39,(anonymous_1)
FNF:2
FNH:2
FNDA:6,(anonymous_0)
FNDA:1,(anonymous_1)
DA:1,3
DA:2,3
DA:3,3
DA:5,3
DA:29,3
DA:30,6
DA:31,6
DA:33,6
DA:39,3
DA:40,1
DA:41,1
DA:43,0
DA:44,0
DA:48,3
LF:14
LH:12
BRF:0
BRH:0
end_of_record
TN:
SF:models\index.js
FN:28,(anonymous_0)
FNF:1
FNH:0
FNDA:0,(anonymous_0)
DA:1,3
DA:2,3
DA:3,3
DA:5,3
DA:11,3
DA:17,3
DA:23,3
DA:28,3
DA:29,0
DA:30,0
DA:31,0
DA:32,0
DA:33,0
DA:35,0
DA:36,0
DA:40,3
LF:16
LH:9
BRF:0
BRH:0
end_of_record
TN:
SF:routes\auth.js
FN:11,(anonymous_0)
FN:18,(anonymous_1)
FN:23,(anonymous_2)
FN:32,(anonymous_3)
FN:58,(anonymous_4)
FN:114,(anonymous_5)
FN:127,(anonymous_6)
FN:147,(anonymous_7)
FN:161,(anonymous_8)
FNF:9
FNH:3
FNDA:3,(anonymous_0)
FNDA:0,(anonymous_1)
FNDA:0,(anonymous_2)
FNDA:2,(anonymous_3)
FNDA:1,(anonymous_4)
FNDA:0,(anonymous_5)
FNDA:0,(anonymous_6)
FNDA:0,(anonymous_7)
FNDA:0,(anonymous_8)
DA:1,1
DA:2,1
DA:3,1
DA:4,1
DA:5,1
DA:6,1
DA:7,1
DA:8,1
DA:9,1
DA:11,1
DA:12,3
DA:13,0
DA:15,3
DA:18,1
DA:19,0
DA:20,0
DA:23,1
DA:24,0
DA:25,0
DA:28,1
DA:33,2
DA:34,2
DA:35,2
DA:36,0
DA:39,2
DA:41,2
DA:42,2
DA:43,0
DA:46,2
DA:48,2
DA:50,0
DA:51,0
DA:55,1
DA:59,1
DA:60,1
DA:61,1
DA:62,0
DA:65,1
DA:67,1
DA:68,1
DA:69,0
DA:72,1
DA:73,1
DA:74,0
DA:77,1
DA:78,1
DA:84,1
DA:91,1
DA:103,0
DA:105,1
DA:106,1
DA:109,0
DA:110,0
DA:114,1
DA:115,0
DA:116,0
DA:117,0
DA:119,0
DA:120,0
DA:122,0
DA:123,0
DA:127,1
DA:128,0
DA:129,0
DA:137,0
DA:139,0
DA:140,0
DA:147,1
DA:148,0
DA:149,0
DA:150,0
DA:153,0
DA:154,0
DA:155,0
DA:157,0
DA:161,1
DA:162,0
DA:163,0
DA:176,0
DA:180,1
LF:80
LH:43
BRDA:12,0,0,0
BRDA:12,0,1,3
BRDA:35,1,0,0
BRDA:35,1,1,2
BRDA:42,2,0,0
BRDA:42,2,1,2
BRDA:61,3,0,0
BRDA:61,3,1,1
BRDA:68,4,0,0
BRDA:68,4,1,1
BRDA:73,5,0,0
BRDA:73,5,1,1
BRDA:97,6,0,0
BRDA:97,6,1,1
BRDA:116,7,0,0
BRDA:116,7,1,0
BRDA:149,8,0,0
BRDA:149,8,1,0
BRDA:162,9,0,0
BRDA:162,9,1,0
BRDA:162,10,0,0
BRDA:162,10,1,0
BRDA:162,10,2,0
BRF:23
BRH:7
end_of_record
